<?xml version="1.0" encoding="UTF-8"?>
<coverage generated="1621007250108" clover="3.2.0">
  <project timestamp="1621007250108" name="All files">
    <metrics statements="22" coveredstatements="22" conditionals="14" coveredconditionals="14" methods="6" coveredmethods="6" elements="42" coveredelements="42" complexity="0" loc="22" ncloc="22" packages="1" files="1" classes="1"/>
    <file name="kendoMatchModel.js" path="/Users/josebaro/kendo-match-model/kendoMatchModel.js">
      <metrics statements="22" coveredstatements="22" conditionals="14" coveredconditionals="14" methods="6" coveredmethods="6"/>
      <line num="7" count="1" type="stmt"/>
      <line num="9" count="1" type="stmt"/>
      <line num="20" count="1" type="stmt"/>
      <line num="26" count="18" type="stmt"/>
      <line num="33" count="6" type="stmt"/>
      <line num="41" count="1" type="stmt"/>
      <line num="46" count="1" type="stmt"/>
      <line num="47" count="6" type="cond" truecount="2" falsecount="0"/>
      <line num="48" count="6" type="cond" truecount="2" falsecount="0"/>
      <line num="49" count="5" type="stmt"/>
      <line num="50" count="5" type="cond" truecount="4" falsecount="0"/>
      <line num="51" count="1" type="stmt"/>
      <line num="54" count="6" type="stmt"/>
      <line num="57" count="1" type="stmt"/>
      <line num="58" count="24" type="cond" truecount="4" falsecount="0"/>
      <line num="59" count="10" type="stmt"/>
      <line num="60" count="35" type="stmt"/>
      <line num="61" count="35" type="cond" truecount="2" falsecount="0"/>
      <line num="62" count="17" type="stmt"/>
      <line num="64" count="35" type="stmt"/>
      <line num="66" count="10" type="stmt"/>
      <line num="68" count="14" type="stmt"/>
    </file>
  </project>
</coverage>
