{"/Users/josebaro/kendo-match-model/kendoMatchModel.js": {"path":"/Users/josebaro/kendo-match-model/kendoMatchModel.js","statementMap":{"0":{"start":{"line":7,"column":28},"end":{"line":7,"column":29}},"1":{"start":{"line":9,"column":26},"end":{"line":18,"column":3}},"2":{"start":{"line":20,"column":24},"end":{"line":24,"column":3}},"3":{"start":{"line":26,"column":24},"end":{"line":31,"column":4}},"4":{"start":{"line":26,"column":37},"end":{"line":31,"column":3}},"5":{"start":{"line":33,"column":20},"end":{"line":39,"column":4}},"6":{"start":{"line":33,"column":33},"end":{"line":39,"column":3}},"7":{"start":{"line":41,"column":20},"end":{"line":44,"column":4}},"8":{"start":{"line":41,"column":49},"end":{"line":44,"column":4}},"9":{"start":{"line":46,"column":31},"end":{"line":55,"column":3}},"10":{"start":{"line":47,"column":27},"end":{"line":47,"column":60}},"11":{"start":{"line":48,"column":4},"end":{"line":53,"column":5}},"12":{"start":{"line":49,"column":26},"end":{"line":49,"column":47}},"13":{"start":{"line":50,"column":6},"end":{"line":52,"column":7}},"14":{"start":{"line":51,"column":8},"end":{"line":51,"column":37}},"15":{"start":{"line":54,"column":4},"end":{"line":54,"column":26}},"16":{"start":{"line":57,"column":27},"end":{"line":69,"column":3}},"17":{"start":{"line":58,"column":4},"end":{"line":67,"column":5}},"18":{"start":{"line":59,"column":21},"end":{"line":65,"column":12}},"19":{"start":{"line":60,"column":21},"end":{"line":60,"column":29}},"20":{"start":{"line":61,"column":8},"end":{"line":63,"column":9}},"21":{"start":{"line":62,"column":10},"end":{"line":62,"column":35}},"22":{"start":{"line":64,"column":8},"end":{"line":64,"column":20}},"23":{"start":{"line":66,"column":6},"end":{"line":66,"column":20}},"24":{"start":{"line":68,"column":4},"end":{"line":68,"column":23}}},"fnMap":{"0":{"name":"(anonymous_0)","decl":{"start":{"line":26,"column":24},"end":{"line":26,"column":25}},"loc":{"start":{"line":26,"column":37},"end":{"line":31,"column":3}},"line":26},"1":{"name":"(anonymous_1)","decl":{"start":{"line":33,"column":20},"end":{"line":33,"column":21}},"loc":{"start":{"line":33,"column":33},"end":{"line":39,"column":3}},"line":33},"2":{"name":"(anonymous_2)","decl":{"start":{"line":41,"column":20},"end":{"line":41,"column":21}},"loc":{"start":{"line":41,"column":49},"end":{"line":44,"column":4}},"line":41},"3":{"name":"(anonymous_3)","decl":{"start":{"line":46,"column":31},"end":{"line":46,"column":32}},"loc":{"start":{"line":46,"column":48},"end":{"line":55,"column":3}},"line":46},"4":{"name":"(anonymous_4)","decl":{"start":{"line":57,"column":27},"end":{"line":57,"column":28}},"loc":{"start":{"line":57,"column":56},"end":{"line":69,"column":3}},"line":57},"5":{"name":"(anonymous_5)","decl":{"start":{"line":59,"column":39},"end":{"line":59,"column":40}},"loc":{"start":{"line":59,"column":49},"end":{"line":65,"column":7}},"line":59}},"branchMap":{"0":{"loc":{"start":{"line":47,"column":27},"end":{"line":47,"column":60}},"type":"binary-expr","locations":[{"start":{"line":47,"column":27},"end":{"line":47,"column":38}},{"start":{"line":47,"column":42},"end":{"line":47,"column":60}}],"line":47},"1":{"loc":{"start":{"line":48,"column":4},"end":{"line":53,"column":5}},"type":"if","locations":[{"start":{"line":48,"column":4},"end":{"line":53,"column":5}},{"start":{"line":48,"column":4},"end":{"line":53,"column":5}}],"line":48},"2":{"loc":{"start":{"line":50,"column":6},"end":{"line":52,"column":7}},"type":"if","locations":[{"start":{"line":50,"column":6},"end":{"line":52,"column":7}},{"start":{"line":50,"column":6},"end":{"line":52,"column":7}}],"line":50},"3":{"loc":{"start":{"line":50,"column":10},"end":{"line":50,"column":80}},"type":"binary-expr","locations":[{"start":{"line":50,"column":10},"end":{"line":50,"column":21}},{"start":{"line":50,"column":25},"end":{"line":50,"column":80}}],"line":50},"4":{"loc":{"start":{"line":58,"column":4},"end":{"line":67,"column":5}},"type":"if","locations":[{"start":{"line":58,"column":4},"end":{"line":67,"column":5}},{"start":{"line":58,"column":4},"end":{"line":67,"column":5}}],"line":58},"5":{"loc":{"start":{"line":58,"column":8},"end":{"line":58,"column":33}},"type":"binary-expr","locations":[{"start":{"line":58,"column":8},"end":{"line":58,"column":19}},{"start":{"line":58,"column":23},"end":{"line":58,"column":33}}],"line":58},"6":{"loc":{"start":{"line":61,"column":8},"end":{"line":63,"column":9}},"type":"if","locations":[{"start":{"line":61,"column":8},"end":{"line":63,"column":9}},{"start":{"line":61,"column":8},"end":{"line":63,"column":9}}],"line":61}},"s":{"0":1,"1":1,"2":1,"3":1,"4":18,"5":1,"6":6,"7":1,"8":1,"9":1,"10":6,"11":6,"12":5,"13":5,"14":1,"15":6,"16":1,"17":24,"18":10,"19":35,"20":35,"21":17,"22":35,"23":10,"24":14},"f":{"0":18,"1":6,"2":1,"3":6,"4":24,"5":35},"b":{"0":[6,5],"1":[5,1],"2":[1,4],"3":[5,1],"4":[10,14],"5":[24,10],"6":[17,18]},"_coverageSchema":"1a1c01bbd47fc00a2c39e90264f33305004495a9","hash":"c3d207af60cfa6cdc8112ceb2354fa3a09e494ef"}
}
