TN:
SF:kendoMatchModel.js
FN:26,(anonymous_0)
FN:33,(anonymous_1)
FN:41,(anonymous_2)
FN:46,(anonymous_3)
FN:57,(anonymous_4)
FN:59,(anonymous_5)
FNF:6
FNH:6
FNDA:18,(anonymous_0)
FNDA:6,(anonymous_1)
FNDA:1,(anonymous_2)
FNDA:6,(anonymous_3)
FNDA:24,(anonymous_4)
FNDA:35,(anonymous_5)
DA:7,1
DA:9,1
DA:20,1
DA:26,18
DA:33,6
DA:41,1
DA:46,1
DA:47,6
DA:48,6
DA:49,5
DA:50,5
DA:51,1
DA:54,6
DA:57,1
DA:58,24
DA:59,10
DA:60,35
DA:61,35
DA:62,17
DA:64,35
DA:66,10
DA:68,14
LF:22
LH:22
BRDA:47,0,0,6
BRDA:47,0,1,5
BRDA:48,1,0,5
BRDA:48,1,1,1
BRDA:50,2,0,1
BRDA:50,2,1,4
BRDA:50,3,0,5
BRDA:50,3,1,1
BRDA:58,4,0,10
BRDA:58,4,1,14
BRDA:58,5,0,24
BRDA:58,5,1,10
BRDA:61,6,0,17
BRDA:61,6,1,18
BRF:14
BRH:14
end_of_record
